WARNING - 2024-04-19 06:44:09 --> [DEPRECATED] Creation of dynamic property App\Controllers\Logement::$logementModel is deprecated in APPPATH\Controllers\Logement.php on line 23.
 1 SYSTEMPATH\CodeIgniter.php(913): App\Controllers\Logement->__construct()
 2 SYSTEMPATH\CodeIgniter.php(493): CodeIgniter\CodeIgniter->createController()
 3 SYSTEMPATH\CodeIgniter.php(361): CodeIgniter\CodeIgniter->handleRequest(null, Object(Config\Cache), false)
 4 FCPATH\index.php(79): CodeIgniter\CodeIgniter->run()
 5 SYSTEMPATH\Commands\Server\rewrite.php(47): require_once('C:\\Users\\marcl\\xampp\\htdocs\\CVVEN\\public\\index.php')
WARNING - 2024-04-19 06:44:15 --> [DEPRECATED] Creation of dynamic property App\Controllers\Logement::$logementModel is deprecated in APPPATH\Controllers\Logement.php on line 23.
 1 SYSTEMPATH\CodeIgniter.php(913): App\Controllers\Logement->__construct()
 2 SYSTEMPATH\CodeIgniter.php(493): CodeIgniter\CodeIgniter->createController()
 3 SYSTEMPATH\CodeIgniter.php(361): CodeIgniter\CodeIgniter->handleRequest(null, Object(Config\Cache), false)
 4 FCPATH\index.php(79): CodeIgniter\CodeIgniter->run()
 5 SYSTEMPATH\Commands\Server\rewrite.php(47): require_once('C:\\Users\\marcl\\xampp\\htdocs\\CVVEN\\public\\index.php')
WARNING - 2024-04-19 06:44:16 --> [DEPRECATED] Creation of dynamic property App\Controllers\Logement::$logementModel is deprecated in APPPATH\Controllers\Logement.php on line 23.
 1 SYSTEMPATH\CodeIgniter.php(913): App\Controllers\Logement->__construct()
 2 SYSTEMPATH\CodeIgniter.php(493): CodeIgniter\CodeIgniter->createController()
 3 SYSTEMPATH\CodeIgniter.php(361): CodeIgniter\CodeIgniter->handleRequest(null, Object(Config\Cache), false)
 4 FCPATH\index.php(79): CodeIgniter\CodeIgniter->run()
 5 SYSTEMPATH\Commands\Server\rewrite.php(47): require_once('C:\\Users\\marcl\\xampp\\htdocs\\CVVEN\\public\\index.php')
WARNING - 2024-04-19 06:44:17 --> [DEPRECATED] Creation of dynamic property App\Controllers\Logement::$logementModel is deprecated in APPPATH\Controllers\Logement.php on line 23.
 1 SYSTEMPATH\CodeIgniter.php(913): App\Controllers\Logement->__construct()
 2 SYSTEMPATH\CodeIgniter.php(493): CodeIgniter\CodeIgniter->createController()
 3 SYSTEMPATH\CodeIgniter.php(361): CodeIgniter\CodeIgniter->handleRequest(null, Object(Config\Cache), false)
 4 FCPATH\index.php(79): CodeIgniter\CodeIgniter->run()
 5 SYSTEMPATH\Commands\Server\rewrite.php(47): require_once('C:\\Users\\marcl\\xampp\\htdocs\\CVVEN\\public\\index.php')
WARNING - 2024-04-19 06:45:05 --> [DEPRECATED] Creation of dynamic property App\Controllers\Logement::$logementModel is deprecated in APPPATH\Controllers\Logement.php on line 23.
 1 SYSTEMPATH\CodeIgniter.php(913): App\Controllers\Logement->__construct()
 2 SYSTEMPATH\CodeIgniter.php(493): CodeIgniter\CodeIgniter->createController()
 3 SYSTEMPATH\CodeIgniter.php(361): CodeIgniter\CodeIgniter->handleRequest(null, Object(Config\Cache), false)
 4 FCPATH\index.php(79): CodeIgniter\CodeIgniter->run()
 5 SYSTEMPATH\Commands\Server\rewrite.php(47): require_once('C:\\Users\\marcl\\xampp\\htdocs\\CVVEN\\public\\index.php')
WARNING - 2024-04-19 06:45:42 --> [DEPRECATED] Creation of dynamic property App\Controllers\Logement::$logementModel is deprecated in APPPATH\Controllers\Logement.php on line 23.
 1 SYSTEMPATH\CodeIgniter.php(913): App\Controllers\Logement->__construct()
 2 SYSTEMPATH\CodeIgniter.php(493): CodeIgniter\CodeIgniter->createController()
 3 SYSTEMPATH\CodeIgniter.php(361): CodeIgniter\CodeIgniter->handleRequest(null, Object(Config\Cache), false)
 4 FCPATH\index.php(79): CodeIgniter\CodeIgniter->run()
 5 SYSTEMPATH\Commands\Server\rewrite.php(47): require_once('C:\\Users\\marcl\\xampp\\htdocs\\CVVEN\\public\\index.php')
WARNING - 2024-04-19 06:46:00 --> [DEPRECATED] Creation of dynamic property App\Controllers\Logement::$logementModel is deprecated in APPPATH\Controllers\Logement.php on line 23.
 1 SYSTEMPATH\CodeIgniter.php(913): App\Controllers\Logement->__construct()
 2 SYSTEMPATH\CodeIgniter.php(493): CodeIgniter\CodeIgniter->createController()
 3 SYSTEMPATH\CodeIgniter.php(361): CodeIgniter\CodeIgniter->handleRequest(null, Object(Config\Cache), false)
 4 FCPATH\index.php(79): CodeIgniter\CodeIgniter->run()
 5 SYSTEMPATH\Commands\Server\rewrite.php(47): require_once('C:\\Users\\marcl\\xampp\\htdocs\\CVVEN\\public\\index.php')
WARNING - 2024-04-19 06:51:55 --> [DEPRECATED] Creation of dynamic property App\Controllers\Logement::$logementModel is deprecated in APPPATH\Controllers\Logement.php on line 23.
 1 SYSTEMPATH\CodeIgniter.php(913): App\Controllers\Logement->__construct()
 2 SYSTEMPATH\CodeIgniter.php(493): CodeIgniter\CodeIgniter->createController()
 3 SYSTEMPATH\CodeIgniter.php(361): CodeIgniter\CodeIgniter->handleRequest(null, Object(Config\Cache), false)
 4 FCPATH\index.php(79): CodeIgniter\CodeIgniter->run()
 5 SYSTEMPATH\Commands\Server\rewrite.php(47): require_once('C:\\Users\\marcl\\xampp\\htdocs\\CVVEN\\public\\index.php')
WARNING - 2024-04-19 06:52:08 --> [DEPRECATED] Creation of dynamic property App\Controllers\Logement::$logementModel is deprecated in APPPATH\Controllers\Logement.php on line 23.
 1 SYSTEMPATH\CodeIgniter.php(913): App\Controllers\Logement->__construct()
 2 SYSTEMPATH\CodeIgniter.php(493): CodeIgniter\CodeIgniter->createController()
 3 SYSTEMPATH\CodeIgniter.php(361): CodeIgniter\CodeIgniter->handleRequest(null, Object(Config\Cache), false)
 4 FCPATH\index.php(79): CodeIgniter\CodeIgniter->run()
 5 SYSTEMPATH\Commands\Server\rewrite.php(47): require_once('C:\\Users\\marcl\\xampp\\htdocs\\CVVEN\\public\\index.php')
INFO - 2024-04-19 06:52:14 --> Session: Class initialized using 'CodeIgniter\Session\Handlers\FileHandler' driver.
INFO - 2024-04-19 06:52:16 --> Session: Class initialized using 'CodeIgniter\Session\Handlers\FileHandler' driver.
INFO - 2024-04-19 06:52:17 --> Session: Class initialized using 'CodeIgniter\Session\Handlers\FileHandler' driver.
INFO - 2024-04-19 07:02:11 --> Session: Class initialized using 'CodeIgniter\Session\Handlers\FileHandler' driver.
INFO - 2024-04-19 07:02:13 --> Session: Class initialized using 'CodeIgniter\Session\Handlers\FileHandler' driver.
INFO - 2024-04-19 07:02:21 --> Session: Class initialized using 'CodeIgniter\Session\Handlers\FileHandler' driver.
INFO - 2024-04-19 07:02:58 --> Session: Class initialized using 'CodeIgniter\Session\Handlers\FileHandler' driver.
ERROR - 2024-04-19 07:02:58 --> mysqli_sql_exception: Duplicate entry '0' for key 'PRIMARY' in C:\Users\marcl\xampp\htdocs\CVVEN\system\Database\MySQLi\Connection.php:306
Stack trace:
#0 C:\Users\marcl\xampp\htdocs\CVVEN\system\Database\MySQLi\Connection.php(306): mysqli->query('INSERT INTO `us...', 0)
#1 C:\Users\marcl\xampp\htdocs\CVVEN\system\Database\BaseConnection.php(693): CodeIgniter\Database\MySQLi\Connection->execute('INSERT INTO `us...')
#2 C:\Users\marcl\xampp\htdocs\CVVEN\system\Database\BaseConnection.php(607): CodeIgniter\Database\BaseConnection->simpleQuery('INSERT INTO `us...')
#3 C:\Users\marcl\xampp\htdocs\CVVEN\system\Database\BaseBuilder.php(2307): CodeIgniter\Database\BaseConnection->query('INSERT INTO `us...', Array, false)
#4 C:\Users\marcl\xampp\htdocs\CVVEN\system\Model.php(326): CodeIgniter\Database\BaseBuilder->insert()
#5 C:\Users\marcl\xampp\htdocs\CVVEN\system\BaseModel.php(802): CodeIgniter\Model->doInsert(Array)
#6 C:\Users\marcl\xampp\htdocs\CVVEN\system\Model.php(744): CodeIgniter\BaseModel->insert(Array, false)
#7 C:\Users\marcl\xampp\htdocs\CVVEN\system\BaseModel.php(713): CodeIgniter\Model->insert(Array, false)
#8 C:\Users\marcl\xampp\htdocs\CVVEN\app\Controllers\Auth.php(81): CodeIgniter\BaseModel->save(Array)
#9 C:\Users\marcl\xampp\htdocs\CVVEN\system\CodeIgniter.php(941): App\Controllers\Auth->register()
#10 C:\Users\marcl\xampp\htdocs\CVVEN\system\CodeIgniter.php(502): CodeIgniter\CodeIgniter->runController(Object(App\Controllers\Auth))
#11 C:\Users\marcl\xampp\htdocs\CVVEN\system\CodeIgniter.php(361): CodeIgniter\CodeIgniter->handleRequest(NULL, Object(Config\Cache), false)
#12 C:\Users\marcl\xampp\htdocs\CVVEN\public\index.php(79): CodeIgniter\CodeIgniter->run()
#13 C:\Users\marcl\xampp\htdocs\CVVEN\system\Commands\Server\rewrite.php(47): require_once('C:\\Users\\marcl\\...')
#14 {main}
CRITICAL - 2024-04-19 07:02:58 --> CodeIgniter\Database\Exceptions\DatabaseException: Duplicate entry '0' for key 'PRIMARY'
in SYSTEMPATH\Database\BaseConnection.php on line 647.
 1 SYSTEMPATH\Database\BaseBuilder.php(2307): CodeIgniter\Database\BaseConnection->query('INSERT INTO `users` (`nom`, `prenom`, `mail`, `mdp`, `created_at`, `updated_at`) VALUES (:nom:, :prenom:, :mail:, :mdp:, :created_at:, :updated_at:)', [...], false)
 2 SYSTEMPATH\Model.php(326): CodeIgniter\Database\BaseBuilder->insert()
 3 SYSTEMPATH\BaseModel.php(802): CodeIgniter\Model->doInsert([...])
 4 SYSTEMPATH\Model.php(744): CodeIgniter\BaseModel->insert([...], false)
 5 SYSTEMPATH\BaseModel.php(713): CodeIgniter\Model->insert([...], false)
 6 APPPATH\Controllers\Auth.php(81): CodeIgniter\BaseModel->save([...])
 7 SYSTEMPATH\CodeIgniter.php(941): App\Controllers\Auth->register()
 8 SYSTEMPATH\CodeIgniter.php(502): CodeIgniter\CodeIgniter->runController(Object(App\Controllers\Auth))
 9 SYSTEMPATH\CodeIgniter.php(361): CodeIgniter\CodeIgniter->handleRequest(null, Object(Config\Cache), false)
10 FCPATH\index.php(79): CodeIgniter\CodeIgniter->run()
11 SYSTEMPATH\Commands\Server\rewrite.php(47): require_once('C:\\Users\\marcl\\xampp\\htdocs\\CVVEN\\public\\index.php')
CRITICAL - 2024-04-19 07:02:58 --> [Caused by] CodeIgniter\Database\Exceptions\DatabaseException: Duplicate entry '0' for key 'PRIMARY'
in SYSTEMPATH\Database\MySQLi\Connection.php on line 311.
 1 SYSTEMPATH\Database\BaseConnection.php(693): CodeIgniter\Database\MySQLi\Connection->execute('INSERT INTO `users` (`nom`, `prenom`, `mail`, `mdp`, `created_at`, `updated_at`) VALUES (\'Thayaparan\', \'Senthooran\', \'thayaparan@gmail.com\', \'$2y$10$Nrfve/B/HG58wD1BVUV/TOIm1sxHbNqu1RdK6L2fVdJg.rVExIb72\', \'2024-04-19 07:02:58\', \'2024-04-19 07:02:58\')')
 2 SYSTEMPATH\Database\BaseConnection.php(607): CodeIgniter\Database\BaseConnection->simpleQuery('INSERT INTO `users` (`nom`, `prenom`, `mail`, `mdp`, `created_at`, `updated_at`) VALUES (\'Thayaparan\', \'Senthooran\', \'thayaparan@gmail.com\', \'$2y$10$Nrfve/B/HG58wD1BVUV/TOIm1sxHbNqu1RdK6L2fVdJg.rVExIb72\', \'2024-04-19 07:02:58\', \'2024-04-19 07:02:58\')')
 3 SYSTEMPATH\Database\BaseBuilder.php(2307): CodeIgniter\Database\BaseConnection->query('INSERT INTO `users` (`nom`, `prenom`, `mail`, `mdp`, `created_at`, `updated_at`) VALUES (:nom:, :prenom:, :mail:, :mdp:, :created_at:, :updated_at:)', [...], false)
 4 SYSTEMPATH\Model.php(326): CodeIgniter\Database\BaseBuilder->insert()
 5 SYSTEMPATH\BaseModel.php(802): CodeIgniter\Model->doInsert([...])
 6 SYSTEMPATH\Model.php(744): CodeIgniter\BaseModel->insert([...], false)
 7 SYSTEMPATH\BaseModel.php(713): CodeIgniter\Model->insert([...], false)
 8 APPPATH\Controllers\Auth.php(81): CodeIgniter\BaseModel->save([...])
 9 SYSTEMPATH\CodeIgniter.php(941): App\Controllers\Auth->register()
10 SYSTEMPATH\CodeIgniter.php(502): CodeIgniter\CodeIgniter->runController(Object(App\Controllers\Auth))
11 SYSTEMPATH\CodeIgniter.php(361): CodeIgniter\CodeIgniter->handleRequest(null, Object(Config\Cache), false)
12 FCPATH\index.php(79): CodeIgniter\CodeIgniter->run()
13 SYSTEMPATH\Commands\Server\rewrite.php(47): require_once('C:\\Users\\marcl\\xampp\\htdocs\\CVVEN\\public\\index.php')
CRITICAL - 2024-04-19 07:02:58 --> [Caused by] mysqli_sql_exception: Duplicate entry '0' for key 'PRIMARY'
in SYSTEMPATH\Database\MySQLi\Connection.php on line 306.
 1 SYSTEMPATH\Database\MySQLi\Connection.php(306): mysqli->query('INSERT INTO `users` (`nom`, `prenom`, `mail`, `mdp`, `created_at`, `updated_at`) VALUES (\'Thayaparan\', \'Senthooran\', \'thayaparan@gmail.com\', \'$2y$10$Nrfve/B/HG58wD1BVUV/TOIm1sxHbNqu1RdK6L2fVdJg.rVExIb72\', \'2024-04-19 07:02:58\', \'2024-04-19 07:02:58\')', 0)
 2 SYSTEMPATH\Database\BaseConnection.php(693): CodeIgniter\Database\MySQLi\Connection->execute('INSERT INTO `users` (`nom`, `prenom`, `mail`, `mdp`, `created_at`, `updated_at`) VALUES (\'Thayaparan\', \'Senthooran\', \'thayaparan@gmail.com\', \'$2y$10$Nrfve/B/HG58wD1BVUV/TOIm1sxHbNqu1RdK6L2fVdJg.rVExIb72\', \'2024-04-19 07:02:58\', \'2024-04-19 07:02:58\')')
 3 SYSTEMPATH\Database\BaseConnection.php(607): CodeIgniter\Database\BaseConnection->simpleQuery('INSERT INTO `users` (`nom`, `prenom`, `mail`, `mdp`, `created_at`, `updated_at`) VALUES (\'Thayaparan\', \'Senthooran\', \'thayaparan@gmail.com\', \'$2y$10$Nrfve/B/HG58wD1BVUV/TOIm1sxHbNqu1RdK6L2fVdJg.rVExIb72\', \'2024-04-19 07:02:58\', \'2024-04-19 07:02:58\')')
 4 SYSTEMPATH\Database\BaseBuilder.php(2307): CodeIgniter\Database\BaseConnection->query('INSERT INTO `users` (`nom`, `prenom`, `mail`, `mdp`, `created_at`, `updated_at`) VALUES (:nom:, :prenom:, :mail:, :mdp:, :created_at:, :updated_at:)', [...], false)
 5 SYSTEMPATH\Model.php(326): CodeIgniter\Database\BaseBuilder->insert()
 6 SYSTEMPATH\BaseModel.php(802): CodeIgniter\Model->doInsert([...])
 7 SYSTEMPATH\Model.php(744): CodeIgniter\BaseModel->insert([...], false)
 8 SYSTEMPATH\BaseModel.php(713): CodeIgniter\Model->insert([...], false)
 9 APPPATH\Controllers\Auth.php(81): CodeIgniter\BaseModel->save([...])
10 SYSTEMPATH\CodeIgniter.php(941): App\Controllers\Auth->register()
11 SYSTEMPATH\CodeIgniter.php(502): CodeIgniter\CodeIgniter->runController(Object(App\Controllers\Auth))
12 SYSTEMPATH\CodeIgniter.php(361): CodeIgniter\CodeIgniter->handleRequest(null, Object(Config\Cache), false)
13 FCPATH\index.php(79): CodeIgniter\CodeIgniter->run()
14 SYSTEMPATH\Commands\Server\rewrite.php(47): require_once('C:\\Users\\marcl\\xampp\\htdocs\\CVVEN\\public\\index.php')
INFO - 2024-04-19 07:09:01 --> Session: Class initialized using 'CodeIgniter\Session\Handlers\FileHandler' driver.
INFO - 2024-04-19 07:09:01 --> Session: Class initialized using 'CodeIgniter\Session\Handlers\FileHandler' driver.
INFO - 2024-04-19 07:09:03 --> Session: Class initialized using 'CodeIgniter\Session\Handlers\FileHandler' driver.
WARNING - 2024-04-19 07:09:03 --> [DEPRECATED] Creation of dynamic property App\Controllers\Logement::$logementModel is deprecated in APPPATH\Controllers\Logement.php on line 23.
 1 SYSTEMPATH\CodeIgniter.php(913): App\Controllers\Logement->__construct()
 2 SYSTEMPATH\CodeIgniter.php(493): CodeIgniter\CodeIgniter->createController()
 3 SYSTEMPATH\CodeIgniter.php(361): CodeIgniter\CodeIgniter->handleRequest(null, Object(Config\Cache), false)
 4 FCPATH\index.php(79): CodeIgniter\CodeIgniter->run()
 5 SYSTEMPATH\Commands\Server\rewrite.php(47): require_once('C:\\Users\\marcl\\xampp\\htdocs\\CVVEN\\public\\index.php')
INFO - 2024-04-19 07:09:05 --> Session: Class initialized using 'CodeIgniter\Session\Handlers\FileHandler' driver.
WARNING - 2024-04-19 07:09:05 --> [DEPRECATED] Creation of dynamic property App\Controllers\Logement::$logementModel is deprecated in APPPATH\Controllers\Logement.php on line 23.
 1 SYSTEMPATH\CodeIgniter.php(913): App\Controllers\Logement->__construct()
 2 SYSTEMPATH\CodeIgniter.php(493): CodeIgniter\CodeIgniter->createController()
 3 SYSTEMPATH\CodeIgniter.php(361): CodeIgniter\CodeIgniter->handleRequest(null, Object(Config\Cache), false)
 4 FCPATH\index.php(79): CodeIgniter\CodeIgniter->run()
 5 SYSTEMPATH\Commands\Server\rewrite.php(47): require_once('C:\\Users\\marcl\\xampp\\htdocs\\CVVEN\\public\\index.php')
INFO - 2024-04-19 07:09:08 --> Session: Class initialized using 'CodeIgniter\Session\Handlers\FileHandler' driver.
WARNING - 2024-04-19 07:09:08 --> [DEPRECATED] Creation of dynamic property App\Controllers\Logement::$logementModel is deprecated in APPPATH\Controllers\Logement.php on line 23.
 1 SYSTEMPATH\CodeIgniter.php(913): App\Controllers\Logement->__construct()
 2 SYSTEMPATH\CodeIgniter.php(493): CodeIgniter\CodeIgniter->createController()
 3 SYSTEMPATH\CodeIgniter.php(361): CodeIgniter\CodeIgniter->handleRequest(null, Object(Config\Cache), false)
 4 FCPATH\index.php(79): CodeIgniter\CodeIgniter->run()
 5 SYSTEMPATH\Commands\Server\rewrite.php(47): require_once('C:\\Users\\marcl\\xampp\\htdocs\\CVVEN\\public\\index.php')
INFO - 2024-04-19 07:11:46 --> Session: Class initialized using 'CodeIgniter\Session\Handlers\FileHandler' driver.
WARNING - 2024-04-19 07:11:46 --> [DEPRECATED] Creation of dynamic property App\Controllers\Logement::$logementModel is deprecated in APPPATH\Controllers\Logement.php on line 23.
 1 SYSTEMPATH\CodeIgniter.php(913): App\Controllers\Logement->__construct()
 2 SYSTEMPATH\CodeIgniter.php(493): CodeIgniter\CodeIgniter->createController()
 3 SYSTEMPATH\CodeIgniter.php(361): CodeIgniter\CodeIgniter->handleRequest(null, Object(Config\Cache), false)
 4 FCPATH\index.php(79): CodeIgniter\CodeIgniter->run()
 5 SYSTEMPATH\Commands\Server\rewrite.php(47): require_once('C:\\Users\\marcl\\xampp\\htdocs\\CVVEN\\public\\index.php')
INFO - 2024-04-19 07:11:53 --> Session: Class initialized using 'CodeIgniter\Session\Handlers\FileHandler' driver.
WARNING - 2024-04-19 07:11:53 --> [DEPRECATED] Creation of dynamic property App\Controllers\Logement::$logementModel is deprecated in APPPATH\Controllers\Logement.php on line 23.
 1 SYSTEMPATH\CodeIgniter.php(913): App\Controllers\Logement->__construct()
 2 SYSTEMPATH\CodeIgniter.php(493): CodeIgniter\CodeIgniter->createController()
 3 SYSTEMPATH\CodeIgniter.php(361): CodeIgniter\CodeIgniter->handleRequest(null, Object(Config\Cache), false)
 4 FCPATH\index.php(79): CodeIgniter\CodeIgniter->run()
 5 SYSTEMPATH\Commands\Server\rewrite.php(47): require_once('C:\\Users\\marcl\\xampp\\htdocs\\CVVEN\\public\\index.php')
INFO - 2024-04-19 07:12:05 --> Session: Class initialized using 'CodeIgniter\Session\Handlers\FileHandler' driver.
WARNING - 2024-04-19 07:12:05 --> [DEPRECATED] Creation of dynamic property App\Controllers\Logement::$logementModel is deprecated in APPPATH\Controllers\Logement.php on line 23.
 1 SYSTEMPATH\CodeIgniter.php(913): App\Controllers\Logement->__construct()
 2 SYSTEMPATH\CodeIgniter.php(493): CodeIgniter\CodeIgniter->createController()
 3 SYSTEMPATH\CodeIgniter.php(361): CodeIgniter\CodeIgniter->handleRequest(null, Object(Config\Cache), false)
 4 FCPATH\index.php(79): CodeIgniter\CodeIgniter->run()
 5 SYSTEMPATH\Commands\Server\rewrite.php(47): require_once('C:\\Users\\marcl\\xampp\\htdocs\\CVVEN\\public\\index.php')
INFO - 2024-04-19 07:12:08 --> Session: Class initialized using 'CodeIgniter\Session\Handlers\FileHandler' driver.
WARNING - 2024-04-19 07:12:08 --> [DEPRECATED] Creation of dynamic property App\Controllers\Logement::$logementModel is deprecated in APPPATH\Controllers\Logement.php on line 23.
 1 SYSTEMPATH\CodeIgniter.php(913): App\Controllers\Logement->__construct()
 2 SYSTEMPATH\CodeIgniter.php(493): CodeIgniter\CodeIgniter->createController()
 3 SYSTEMPATH\CodeIgniter.php(361): CodeIgniter\CodeIgniter->handleRequest(null, Object(Config\Cache), false)
 4 FCPATH\index.php(79): CodeIgniter\CodeIgniter->run()
 5 SYSTEMPATH\Commands\Server\rewrite.php(47): require_once('C:\\Users\\marcl\\xampp\\htdocs\\CVVEN\\public\\index.php')
INFO - 2024-04-19 07:12:17 --> Session: Class initialized using 'CodeIgniter\Session\Handlers\FileHandler' driver.
WARNING - 2024-04-19 07:12:17 --> [DEPRECATED] Creation of dynamic property App\Controllers\Logement::$logementModel is deprecated in APPPATH\Controllers\Logement.php on line 23.
 1 SYSTEMPATH\CodeIgniter.php(913): App\Controllers\Logement->__construct()
 2 SYSTEMPATH\CodeIgniter.php(493): CodeIgniter\CodeIgniter->createController()
 3 SYSTEMPATH\CodeIgniter.php(361): CodeIgniter\CodeIgniter->handleRequest(null, Object(Config\Cache), false)
 4 FCPATH\index.php(79): CodeIgniter\CodeIgniter->run()
 5 SYSTEMPATH\Commands\Server\rewrite.php(47): require_once('C:\\Users\\marcl\\xampp\\htdocs\\CVVEN\\public\\index.php')
INFO - 2024-04-19 07:12:26 --> Session: Class initialized using 'CodeIgniter\Session\Handlers\FileHandler' driver.
INFO - 2024-04-19 07:12:28 --> Session: Class initialized using 'CodeIgniter\Session\Handlers\FileHandler' driver.
INFO - 2024-04-19 07:12:47 --> Session: Class initialized using 'CodeIgniter\Session\Handlers\FileHandler' driver.
INFO - 2024-04-19 07:12:48 --> Session: Class initialized using 'CodeIgniter\Session\Handlers\FileHandler' driver.
INFO - 2024-04-19 07:12:57 --> Session: Class initialized using 'CodeIgniter\Session\Handlers\FileHandler' driver.
INFO - 2024-04-19 07:12:57 --> Session: Class initialized using 'CodeIgniter\Session\Handlers\FileHandler' driver.
INFO - 2024-04-19 07:17:19 --> Session: Class initialized using 'CodeIgniter\Session\Handlers\FileHandler' driver.
INFO - 2024-04-19 07:17:21 --> Session: Class initialized using 'CodeIgniter\Session\Handlers\FileHandler' driver.
INFO - 2024-04-19 07:17:22 --> Session: Class initialized using 'CodeIgniter\Session\Handlers\FileHandler' driver.
INFO - 2024-04-19 07:17:23 --> Session: Class initialized using 'CodeIgniter\Session\Handlers\FileHandler' driver.
INFO - 2024-04-19 07:17:26 --> Session: Class initialized using 'CodeIgniter\Session\Handlers\FileHandler' driver.
INFO - 2024-04-19 07:17:32 --> Session: Class initialized using 'CodeIgniter\Session\Handlers\FileHandler' driver.
INFO - 2024-04-19 07:17:32 --> Session: Class initialized using 'CodeIgniter\Session\Handlers\FileHandler' driver.
INFO - 2024-04-19 07:17:38 --> Session: Class initialized using 'CodeIgniter\Session\Handlers\FileHandler' driver.
INFO - 2024-04-19 07:17:45 --> Session: Class initialized using 'CodeIgniter\Session\Handlers\FileHandler' driver.
WARNING - 2024-04-19 07:17:45 --> [DEPRECATED] Creation of dynamic property App\Controllers\Logement::$logementModel is deprecated in APPPATH\Controllers\Logement.php on line 23.
 1 SYSTEMPATH\CodeIgniter.php(913): App\Controllers\Logement->__construct()
 2 SYSTEMPATH\CodeIgniter.php(493): CodeIgniter\CodeIgniter->createController()
 3 SYSTEMPATH\CodeIgniter.php(361): CodeIgniter\CodeIgniter->handleRequest(null, Object(Config\Cache), false)
 4 FCPATH\index.php(79): CodeIgniter\CodeIgniter->run()
 5 SYSTEMPATH\Commands\Server\rewrite.php(47): require_once('C:\\Users\\marcl\\xampp\\htdocs\\CVVEN\\public\\index.php')
INFO - 2024-04-19 07:17:46 --> Session: Class initialized using 'CodeIgniter\Session\Handlers\FileHandler' driver.
INFO - 2024-04-19 07:18:13 --> Session: Class initialized using 'CodeIgniter\Session\Handlers\FileHandler' driver.
INFO - 2024-04-19 07:18:16 --> Session: Class initialized using 'CodeIgniter\Session\Handlers\FileHandler' driver.
INFO - 2024-04-19 07:18:17 --> Session: Class initialized using 'CodeIgniter\Session\Handlers\FileHandler' driver.
INFO - 2024-04-19 07:18:19 --> Session: Class initialized using 'CodeIgniter\Session\Handlers\FileHandler' driver.
CRITICAL - 2024-04-19 07:18:19 --> ErrorException: Undefined property: App\Controllers\Auth::$session
in APPPATH\Controllers\Auth.php on line 98.
 1 APPPATH\Controllers\Auth.php(98): CodeIgniter\Debug\Exceptions->errorHandler(2, 'Undefined property: App\\Controllers\\Auth::$session', 'C:\\Users\\marcl\\xampp\\htdocs\\CVVEN\\app\\Controllers\\Auth.php', 98)
 2 SYSTEMPATH\CodeIgniter.php(941): App\Controllers\Auth->logout()
 3 SYSTEMPATH\CodeIgniter.php(502): CodeIgniter\CodeIgniter->runController(Object(App\Controllers\Auth))
 4 SYSTEMPATH\CodeIgniter.php(361): CodeIgniter\CodeIgniter->handleRequest(null, Object(Config\Cache), false)
 5 FCPATH\index.php(79): CodeIgniter\CodeIgniter->run()
 6 SYSTEMPATH\Commands\Server\rewrite.php(47): require_once('C:\\Users\\marcl\\xampp\\htdocs\\CVVEN\\public\\index.php')
INFO - 2024-04-19 07:18:25 --> Session: Class initialized using 'CodeIgniter\Session\Handlers\FileHandler' driver.
CRITICAL - 2024-04-19 07:18:25 --> ErrorException: Undefined property: App\Controllers\Auth::$session
in APPPATH\Controllers\Auth.php on line 98.
 1 APPPATH\Controllers\Auth.php(98): CodeIgniter\Debug\Exceptions->errorHandler(2, 'Undefined property: App\\Controllers\\Auth::$session', 'C:\\Users\\marcl\\xampp\\htdocs\\CVVEN\\app\\Controllers\\Auth.php', 98)
 2 SYSTEMPATH\CodeIgniter.php(941): App\Controllers\Auth->logout()
 3 SYSTEMPATH\CodeIgniter.php(502): CodeIgniter\CodeIgniter->runController(Object(App\Controllers\Auth))
 4 SYSTEMPATH\CodeIgniter.php(361): CodeIgniter\CodeIgniter->handleRequest(null, Object(Config\Cache), false)
 5 FCPATH\index.php(79): CodeIgniter\CodeIgniter->run()
 6 SYSTEMPATH\Commands\Server\rewrite.php(47): require_once('C:\\Users\\marcl\\xampp\\htdocs\\CVVEN\\public\\index.php')
INFO - 2024-04-19 07:18:26 --> Session: Class initialized using 'CodeIgniter\Session\Handlers\FileHandler' driver.
INFO - 2024-04-19 07:18:28 --> Session: Class initialized using 'CodeIgniter\Session\Handlers\FileHandler' driver.
INFO - 2024-04-19 07:18:29 --> Session: Class initialized using 'CodeIgniter\Session\Handlers\FileHandler' driver.
INFO - 2024-04-19 07:18:30 --> Session: Class initialized using 'CodeIgniter\Session\Handlers\FileHandler' driver.
WARNING - 2024-04-19 07:18:30 --> [DEPRECATED] Creation of dynamic property App\Controllers\Logement::$logementModel is deprecated in APPPATH\Controllers\Logement.php on line 23.
 1 SYSTEMPATH\CodeIgniter.php(913): App\Controllers\Logement->__construct()
 2 SYSTEMPATH\CodeIgniter.php(493): CodeIgniter\CodeIgniter->createController()
 3 SYSTEMPATH\CodeIgniter.php(361): CodeIgniter\CodeIgniter->handleRequest(null, Object(Config\Cache), false)
 4 FCPATH\index.php(79): CodeIgniter\CodeIgniter->run()
 5 SYSTEMPATH\Commands\Server\rewrite.php(47): require_once('C:\\Users\\marcl\\xampp\\htdocs\\CVVEN\\public\\index.php')
INFO - 2024-04-19 07:18:31 --> Session: Class initialized using 'CodeIgniter\Session\Handlers\FileHandler' driver.
INFO - 2024-04-19 07:18:31 --> Session: Class initialized using 'CodeIgniter\Session\Handlers\FileHandler' driver.
WARNING - 2024-04-19 07:18:31 --> [DEPRECATED] Creation of dynamic property App\Controllers\Logement::$logementModel is deprecated in APPPATH\Controllers\Logement.php on line 23.
 1 SYSTEMPATH\CodeIgniter.php(913): App\Controllers\Logement->__construct()
 2 SYSTEMPATH\CodeIgniter.php(493): CodeIgniter\CodeIgniter->createController()
 3 SYSTEMPATH\CodeIgniter.php(361): CodeIgniter\CodeIgniter->handleRequest(null, Object(Config\Cache), false)
 4 FCPATH\index.php(79): CodeIgniter\CodeIgniter->run()
 5 SYSTEMPATH\Commands\Server\rewrite.php(47): require_once('C:\\Users\\marcl\\xampp\\htdocs\\CVVEN\\public\\index.php')
INFO - 2024-04-19 07:18:41 --> Session: Class initialized using 'CodeIgniter\Session\Handlers\FileHandler' driver.
WARNING - 2024-04-19 07:18:41 --> [DEPRECATED] Creation of dynamic property App\Controllers\Logement::$logementModel is deprecated in APPPATH\Controllers\Logement.php on line 23.
 1 SYSTEMPATH\CodeIgniter.php(913): App\Controllers\Logement->__construct()
 2 SYSTEMPATH\CodeIgniter.php(493): CodeIgniter\CodeIgniter->createController()
 3 SYSTEMPATH\CodeIgniter.php(361): CodeIgniter\CodeIgniter->handleRequest(null, Object(Config\Cache), false)
 4 FCPATH\index.php(79): CodeIgniter\CodeIgniter->run()
 5 SYSTEMPATH\Commands\Server\rewrite.php(47): require_once('C:\\Users\\marcl\\xampp\\htdocs\\CVVEN\\public\\index.php')
INFO - 2024-04-19 07:18:45 --> Session: Class initialized using 'CodeIgniter\Session\Handlers\FileHandler' driver.
CRITICAL - 2024-04-19 07:18:45 --> ErrorException: Undefined property: App\Controllers\Auth::$session
in APPPATH\Controllers\Auth.php on line 98.
 1 APPPATH\Controllers\Auth.php(98): CodeIgniter\Debug\Exceptions->errorHandler(2, 'Undefined property: App\\Controllers\\Auth::$session', 'C:\\Users\\marcl\\xampp\\htdocs\\CVVEN\\app\\Controllers\\Auth.php', 98)
 2 SYSTEMPATH\CodeIgniter.php(941): App\Controllers\Auth->logout()
 3 SYSTEMPATH\CodeIgniter.php(502): CodeIgniter\CodeIgniter->runController(Object(App\Controllers\Auth))
 4 SYSTEMPATH\CodeIgniter.php(361): CodeIgniter\CodeIgniter->handleRequest(null, Object(Config\Cache), false)
 5 FCPATH\index.php(79): CodeIgniter\CodeIgniter->run()
 6 SYSTEMPATH\Commands\Server\rewrite.php(47): require_once('C:\\Users\\marcl\\xampp\\htdocs\\CVVEN\\public\\index.php')
INFO - 2024-04-19 07:20:02 --> Session: Class initialized using 'CodeIgniter\Session\Handlers\FileHandler' driver.
CRITICAL - 2024-04-19 07:20:02 --> ErrorException: Undefined property: App\Controllers\Auth::$session
in APPPATH\Controllers\Auth.php on line 99.
 1 APPPATH\Controllers\Auth.php(99): CodeIgniter\Debug\Exceptions->errorHandler(2, 'Undefined property: App\\Controllers\\Auth::$session', 'C:\\Users\\marcl\\xampp\\htdocs\\CVVEN\\app\\Controllers\\Auth.php', 99)
 2 SYSTEMPATH\CodeIgniter.php(941): App\Controllers\Auth->logout()
 3 SYSTEMPATH\CodeIgniter.php(502): CodeIgniter\CodeIgniter->runController(Object(App\Controllers\Auth))
 4 SYSTEMPATH\CodeIgniter.php(361): CodeIgniter\CodeIgniter->handleRequest(null, Object(Config\Cache), false)
 5 FCPATH\index.php(79): CodeIgniter\CodeIgniter->run()
 6 SYSTEMPATH\Commands\Server\rewrite.php(47): require_once('C:\\Users\\marcl\\xampp\\htdocs\\CVVEN\\public\\index.php')
INFO - 2024-04-19 07:20:03 --> Session: Class initialized using 'CodeIgniter\Session\Handlers\FileHandler' driver.
WARNING - 2024-04-19 07:20:03 --> [DEPRECATED] Creation of dynamic property App\Controllers\Logement::$logementModel is deprecated in APPPATH\Controllers\Logement.php on line 23.
 1 SYSTEMPATH\CodeIgniter.php(913): App\Controllers\Logement->__construct()
 2 SYSTEMPATH\CodeIgniter.php(493): CodeIgniter\CodeIgniter->createController()
 3 SYSTEMPATH\CodeIgniter.php(361): CodeIgniter\CodeIgniter->handleRequest(null, Object(Config\Cache), false)
 4 FCPATH\index.php(79): CodeIgniter\CodeIgniter->run()
 5 SYSTEMPATH\Commands\Server\rewrite.php(47): require_once('C:\\Users\\marcl\\xampp\\htdocs\\CVVEN\\public\\index.php')
INFO - 2024-04-19 07:20:04 --> Session: Class initialized using 'CodeIgniter\Session\Handlers\FileHandler' driver.
WARNING - 2024-04-19 07:20:04 --> [DEPRECATED] Creation of dynamic property App\Controllers\Logement::$logementModel is deprecated in APPPATH\Controllers\Logement.php on line 23.
 1 SYSTEMPATH\CodeIgniter.php(913): App\Controllers\Logement->__construct()
 2 SYSTEMPATH\CodeIgniter.php(493): CodeIgniter\CodeIgniter->createController()
 3 SYSTEMPATH\CodeIgniter.php(361): CodeIgniter\CodeIgniter->handleRequest(null, Object(Config\Cache), false)
 4 FCPATH\index.php(79): CodeIgniter\CodeIgniter->run()
 5 SYSTEMPATH\Commands\Server\rewrite.php(47): require_once('C:\\Users\\marcl\\xampp\\htdocs\\CVVEN\\public\\index.php')
INFO - 2024-04-19 07:20:05 --> Session: Class initialized using 'CodeIgniter\Session\Handlers\FileHandler' driver.
WARNING - 2024-04-19 07:20:05 --> [DEPRECATED] Creation of dynamic property App\Controllers\Logement::$logementModel is deprecated in APPPATH\Controllers\Logement.php on line 23.
 1 SYSTEMPATH\CodeIgniter.php(913): App\Controllers\Logement->__construct()
 2 SYSTEMPATH\CodeIgniter.php(493): CodeIgniter\CodeIgniter->createController()
 3 SYSTEMPATH\CodeIgniter.php(361): CodeIgniter\CodeIgniter->handleRequest(null, Object(Config\Cache), false)
 4 FCPATH\index.php(79): CodeIgniter\CodeIgniter->run()
 5 SYSTEMPATH\Commands\Server\rewrite.php(47): require_once('C:\\Users\\marcl\\xampp\\htdocs\\CVVEN\\public\\index.php')
INFO - 2024-04-19 07:20:06 --> Session: Class initialized using 'CodeIgniter\Session\Handlers\FileHandler' driver.
CRITICAL - 2024-04-19 07:20:06 --> ErrorException: Undefined property: App\Controllers\Auth::$session
in APPPATH\Controllers\Auth.php on line 99.
 1 APPPATH\Controllers\Auth.php(99): CodeIgniter\Debug\Exceptions->errorHandler(2, 'Undefined property: App\\Controllers\\Auth::$session', 'C:\\Users\\marcl\\xampp\\htdocs\\CVVEN\\app\\Controllers\\Auth.php', 99)
 2 SYSTEMPATH\CodeIgniter.php(941): App\Controllers\Auth->logout()
 3 SYSTEMPATH\CodeIgniter.php(502): CodeIgniter\CodeIgniter->runController(Object(App\Controllers\Auth))
 4 SYSTEMPATH\CodeIgniter.php(361): CodeIgniter\CodeIgniter->handleRequest(null, Object(Config\Cache), false)
 5 FCPATH\index.php(79): CodeIgniter\CodeIgniter->run()
 6 SYSTEMPATH\Commands\Server\rewrite.php(47): require_once('C:\\Users\\marcl\\xampp\\htdocs\\CVVEN\\public\\index.php')
INFO - 2024-04-19 07:20:25 --> Session: Class initialized using 'CodeIgniter\Session\Handlers\FileHandler' driver.
CRITICAL - 2024-04-19 07:20:25 --> Error: Undefined constant "App\Controllers\session"
in APPPATH\Controllers\Auth.php on line 99.
 1 SYSTEMPATH\CodeIgniter.php(941): App\Controllers\Auth->logout()
 2 SYSTEMPATH\CodeIgniter.php(502): CodeIgniter\CodeIgniter->runController(Object(App\Controllers\Auth))
 3 SYSTEMPATH\CodeIgniter.php(361): CodeIgniter\CodeIgniter->handleRequest(null, Object(Config\Cache), false)
 4 FCPATH\index.php(79): CodeIgniter\CodeIgniter->run()
 5 SYSTEMPATH\Commands\Server\rewrite.php(47): require_once('C:\\Users\\marcl\\xampp\\htdocs\\CVVEN\\public\\index.php')
INFO - 2024-04-19 07:20:27 --> Session: Class initialized using 'CodeIgniter\Session\Handlers\FileHandler' driver.
WARNING - 2024-04-19 07:20:27 --> [DEPRECATED] Creation of dynamic property App\Controllers\Logement::$logementModel is deprecated in APPPATH\Controllers\Logement.php on line 23.
 1 SYSTEMPATH\CodeIgniter.php(913): App\Controllers\Logement->__construct()
 2 SYSTEMPATH\CodeIgniter.php(493): CodeIgniter\CodeIgniter->createController()
 3 SYSTEMPATH\CodeIgniter.php(361): CodeIgniter\CodeIgniter->handleRequest(null, Object(Config\Cache), false)
 4 FCPATH\index.php(79): CodeIgniter\CodeIgniter->run()
 5 SYSTEMPATH\Commands\Server\rewrite.php(47): require_once('C:\\Users\\marcl\\xampp\\htdocs\\CVVEN\\public\\index.php')
INFO - 2024-04-19 07:20:28 --> Session: Class initialized using 'CodeIgniter\Session\Handlers\FileHandler' driver.
WARNING - 2024-04-19 07:20:28 --> [DEPRECATED] Creation of dynamic property App\Controllers\Logement::$logementModel is deprecated in APPPATH\Controllers\Logement.php on line 23.
 1 SYSTEMPATH\CodeIgniter.php(913): App\Controllers\Logement->__construct()
 2 SYSTEMPATH\CodeIgniter.php(493): CodeIgniter\CodeIgniter->createController()
 3 SYSTEMPATH\CodeIgniter.php(361): CodeIgniter\CodeIgniter->handleRequest(null, Object(Config\Cache), false)
 4 FCPATH\index.php(79): CodeIgniter\CodeIgniter->run()
 5 SYSTEMPATH\Commands\Server\rewrite.php(47): require_once('C:\\Users\\marcl\\xampp\\htdocs\\CVVEN\\public\\index.php')
INFO - 2024-04-19 07:20:28 --> Session: Class initialized using 'CodeIgniter\Session\Handlers\FileHandler' driver.
WARNING - 2024-04-19 07:20:28 --> [DEPRECATED] Creation of dynamic property App\Controllers\Logement::$logementModel is deprecated in APPPATH\Controllers\Logement.php on line 23.
 1 SYSTEMPATH\CodeIgniter.php(913): App\Controllers\Logement->__construct()
 2 SYSTEMPATH\CodeIgniter.php(493): CodeIgniter\CodeIgniter->createController()
 3 SYSTEMPATH\CodeIgniter.php(361): CodeIgniter\CodeIgniter->handleRequest(null, Object(Config\Cache), false)
 4 FCPATH\index.php(79): CodeIgniter\CodeIgniter->run()
 5 SYSTEMPATH\Commands\Server\rewrite.php(47): require_once('C:\\Users\\marcl\\xampp\\htdocs\\CVVEN\\public\\index.php')
INFO - 2024-04-19 07:20:30 --> Session: Class initialized using 'CodeIgniter\Session\Handlers\FileHandler' driver.
CRITICAL - 2024-04-19 07:20:30 --> Error: Undefined constant "App\Controllers\session"
in APPPATH\Controllers\Auth.php on line 99.
 1 SYSTEMPATH\CodeIgniter.php(941): App\Controllers\Auth->logout()
 2 SYSTEMPATH\CodeIgniter.php(502): CodeIgniter\CodeIgniter->runController(Object(App\Controllers\Auth))
 3 SYSTEMPATH\CodeIgniter.php(361): CodeIgniter\CodeIgniter->handleRequest(null, Object(Config\Cache), false)
 4 FCPATH\index.php(79): CodeIgniter\CodeIgniter->run()
 5 SYSTEMPATH\Commands\Server\rewrite.php(47): require_once('C:\\Users\\marcl\\xampp\\htdocs\\CVVEN\\public\\index.php')
INFO - 2024-04-19 07:23:20 --> Session: Class initialized using 'CodeIgniter\Session\Handlers\FileHandler' driver.
WARNING - 2024-04-19 07:23:20 --> [DEPRECATED] Creation of dynamic property App\Controllers\Logement::$logementModel is deprecated in APPPATH\Controllers\Logement.php on line 23.
 1 SYSTEMPATH\CodeIgniter.php(913): App\Controllers\Logement->__construct()
 2 SYSTEMPATH\CodeIgniter.php(493): CodeIgniter\CodeIgniter->createController()
 3 SYSTEMPATH\CodeIgniter.php(361): CodeIgniter\CodeIgniter->handleRequest(null, Object(Config\Cache), false)
 4 FCPATH\index.php(79): CodeIgniter\CodeIgniter->run()
 5 SYSTEMPATH\Commands\Server\rewrite.php(47): require_once('C:\\Users\\marcl\\xampp\\htdocs\\CVVEN\\public\\index.php')
INFO - 2024-04-19 07:23:21 --> Session: Class initialized using 'CodeIgniter\Session\Handlers\FileHandler' driver.
WARNING - 2024-04-19 07:23:21 --> [DEPRECATED] Creation of dynamic property App\Controllers\Logement::$logementModel is deprecated in APPPATH\Controllers\Logement.php on line 23.
 1 SYSTEMPATH\CodeIgniter.php(913): App\Controllers\Logement->__construct()
 2 SYSTEMPATH\CodeIgniter.php(493): CodeIgniter\CodeIgniter->createController()
 3 SYSTEMPATH\CodeIgniter.php(361): CodeIgniter\CodeIgniter->handleRequest(null, Object(Config\Cache), false)
 4 FCPATH\index.php(79): CodeIgniter\CodeIgniter->run()
 5 SYSTEMPATH\Commands\Server\rewrite.php(47): require_once('C:\\Users\\marcl\\xampp\\htdocs\\CVVEN\\public\\index.php')
INFO - 2024-04-19 07:23:23 --> Session: Class initialized using 'CodeIgniter\Session\Handlers\FileHandler' driver.
INFO - 2024-04-19 07:23:23 --> Session: Class initialized using 'CodeIgniter\Session\Handlers\FileHandler' driver.
INFO - 2024-04-19 07:23:27 --> Session: Class initialized using 'CodeIgniter\Session\Handlers\FileHandler' driver.
INFO - 2024-04-19 07:23:50 --> Session: Class initialized using 'CodeIgniter\Session\Handlers\FileHandler' driver.
INFO - 2024-04-19 07:23:51 --> Session: Class initialized using 'CodeIgniter\Session\Handlers\FileHandler' driver.
INFO - 2024-04-19 07:23:59 --> Session: Class initialized using 'CodeIgniter\Session\Handlers\FileHandler' driver.
INFO - 2024-04-19 07:23:59 --> Session: Class initialized using 'CodeIgniter\Session\Handlers\FileHandler' driver.
INFO - 2024-04-19 07:24:02 --> Session: Class initialized using 'CodeIgniter\Session\Handlers\FileHandler' driver.
INFO - 2024-04-19 07:24:34 --> Session: Class initialized using 'CodeIgniter\Session\Handlers\FileHandler' driver.
INFO - 2024-04-19 07:24:38 --> Session: Class initialized using 'CodeIgniter\Session\Handlers\FileHandler' driver.
INFO - 2024-04-19 07:24:45 --> Session: Class initialized using 'CodeIgniter\Session\Handlers\FileHandler' driver.
WARNING - 2024-04-19 07:24:45 --> [DEPRECATED] Creation of dynamic property App\Controllers\Logement::$logementModel is deprecated in APPPATH\Controllers\Logement.php on line 23.
 1 SYSTEMPATH\CodeIgniter.php(913): App\Controllers\Logement->__construct()
 2 SYSTEMPATH\CodeIgniter.php(493): CodeIgniter\CodeIgniter->createController()
 3 SYSTEMPATH\CodeIgniter.php(361): CodeIgniter\CodeIgniter->handleRequest(null, Object(Config\Cache), false)
 4 FCPATH\index.php(79): CodeIgniter\CodeIgniter->run()
 5 SYSTEMPATH\Commands\Server\rewrite.php(47): require_once('C:\\Users\\marcl\\xampp\\htdocs\\CVVEN\\public\\index.php')
INFO - 2024-04-19 07:24:48 --> Session: Class initialized using 'CodeIgniter\Session\Handlers\FileHandler' driver.
INFO - 2024-04-19 07:24:48 --> Session: Class initialized using 'CodeIgniter\Session\Handlers\FileHandler' driver.
INFO - 2024-04-19 07:24:49 --> Session: Class initialized using 'CodeIgniter\Session\Handlers\FileHandler' driver.
INFO - 2024-04-19 07:24:54 --> Session: Class initialized using 'CodeIgniter\Session\Handlers\FileHandler' driver.
INFO - 2024-04-19 07:24:54 --> Session: Class initialized using 'CodeIgniter\Session\Handlers\FileHandler' driver.
INFO - 2024-04-19 07:24:56 --> Session: Class initialized using 'CodeIgniter\Session\Handlers\FileHandler' driver.
INFO - 2024-04-19 07:25:00 --> Session: Class initialized using 'CodeIgniter\Session\Handlers\FileHandler' driver.
INFO - 2024-04-19 07:25:00 --> Session: Class initialized using 'CodeIgniter\Session\Handlers\FileHandler' driver.
INFO - 2024-04-19 07:25:02 --> Session: Class initialized using 'CodeIgniter\Session\Handlers\FileHandler' driver.
INFO - 2024-04-19 07:25:13 --> Session: Class initialized using 'CodeIgniter\Session\Handlers\FileHandler' driver.
INFO - 2024-04-19 07:25:13 --> Session: Class initialized using 'CodeIgniter\Session\Handlers\FileHandler' driver.
INFO - 2024-04-19 07:26:18 --> Session: Class initialized using 'CodeIgniter\Session\Handlers\FileHandler' driver.
INFO - 2024-04-19 07:26:20 --> Session: Class initialized using 'CodeIgniter\Session\Handlers\FileHandler' driver.
INFO - 2024-04-19 07:26:20 --> Session: Class initialized using 'CodeIgniter\Session\Handlers\FileHandler' driver.
INFO - 2024-04-19 07:26:21 --> Session: Class initialized using 'CodeIgniter\Session\Handlers\FileHandler' driver.
INFO - 2024-04-19 07:26:29 --> Session: Class initialized using 'CodeIgniter\Session\Handlers\FileHandler' driver.
INFO - 2024-04-19 07:26:29 --> Session: Class initialized using 'CodeIgniter\Session\Handlers\FileHandler' driver.
INFO - 2024-04-19 07:30:14 --> Session: Class initialized using 'CodeIgniter\Session\Handlers\FileHandler' driver.
INFO - 2024-04-19 07:30:16 --> Session: Class initialized using 'CodeIgniter\Session\Handlers\FileHandler' driver.
INFO - 2024-04-19 07:30:23 --> Session: Class initialized using 'CodeIgniter\Session\Handlers\FileHandler' driver.
INFO - 2024-04-19 07:30:24 --> Session: Class initialized using 'CodeIgniter\Session\Handlers\FileHandler' driver.
INFO - 2024-04-19 07:32:01 --> Session: Class initialized using 'CodeIgniter\Session\Handlers\FileHandler' driver.
INFO - 2024-04-19 07:32:01 --> Session: Class initialized using 'CodeIgniter\Session\Handlers\FileHandler' driver.
INFO - 2024-04-19 07:32:02 --> Session: Class initialized using 'CodeIgniter\Session\Handlers\FileHandler' driver.
INFO - 2024-04-19 07:32:08 --> Session: Class initialized using 'CodeIgniter\Session\Handlers\FileHandler' driver.
INFO - 2024-04-19 07:32:08 --> Session: Class initialized using 'CodeIgniter\Session\Handlers\FileHandler' driver.
INFO - 2024-04-19 07:32:08 --> Session: Class initialized using 'CodeIgniter\Session\Handlers\FileHandler' driver.
INFO - 2024-04-19 07:32:22 --> Session: Class initialized using 'CodeIgniter\Session\Handlers\FileHandler' driver.
INFO - 2024-04-19 07:32:28 --> Session: Class initialized using 'CodeIgniter\Session\Handlers\FileHandler' driver.
INFO - 2024-04-19 07:32:28 --> Session: Class initialized using 'CodeIgniter\Session\Handlers\FileHandler' driver.
INFO - 2024-04-19 07:32:34 --> Session: Class initialized using 'CodeIgniter\Session\Handlers\FileHandler' driver.
INFO - 2024-04-19 07:32:34 --> Session: Class initialized using 'CodeIgniter\Session\Handlers\FileHandler' driver.
INFO - 2024-04-19 07:32:35 --> Session: Class initialized using 'CodeIgniter\Session\Handlers\FileHandler' driver.
INFO - 2024-04-19 07:32:36 --> Session: Class initialized using 'CodeIgniter\Session\Handlers\FileHandler' driver.
INFO - 2024-04-19 07:32:43 --> Session: Class initialized using 'CodeIgniter\Session\Handlers\FileHandler' driver.
INFO - 2024-04-19 07:32:43 --> Session: Class initialized using 'CodeIgniter\Session\Handlers\FileHandler' driver.
INFO - 2024-04-19 07:32:43 --> Session: Class initialized using 'CodeIgniter\Session\Handlers\FileHandler' driver.
INFO - 2024-04-19 07:34:23 --> Session: Class initialized using 'CodeIgniter\Session\Handlers\FileHandler' driver.
INFO - 2024-04-19 07:34:25 --> Session: Class initialized using 'CodeIgniter\Session\Handlers\FileHandler' driver.
INFO - 2024-04-19 07:34:30 --> Session: Class initialized using 'CodeIgniter\Session\Handlers\FileHandler' driver.
INFO - 2024-04-19 07:34:30 --> Session: Class initialized using 'CodeIgniter\Session\Handlers\FileHandler' driver.
INFO - 2024-04-19 07:34:32 --> Session: Class initialized using 'CodeIgniter\Session\Handlers\FileHandler' driver.
INFO - 2024-04-19 07:34:47 --> Session: Class initialized using 'CodeIgniter\Session\Handlers\FileHandler' driver.
INFO - 2024-04-19 07:34:48 --> Session: Class initialized using 'CodeIgniter\Session\Handlers\FileHandler' driver.
WARNING - 2024-04-19 07:34:48 --> [DEPRECATED] Creation of dynamic property App\Controllers\Logement::$logementModel is deprecated in APPPATH\Controllers\Logement.php on line 23.
 1 SYSTEMPATH\CodeIgniter.php(913): App\Controllers\Logement->__construct()
 2 SYSTEMPATH\CodeIgniter.php(493): CodeIgniter\CodeIgniter->createController()
 3 SYSTEMPATH\CodeIgniter.php(361): CodeIgniter\CodeIgniter->handleRequest(null, Object(Config\Cache), false)
 4 FCPATH\index.php(79): CodeIgniter\CodeIgniter->run()
 5 SYSTEMPATH\Commands\Server\rewrite.php(47): require_once('C:\\Users\\marcl\\xampp\\htdocs\\CVVEN\\public\\index.php')
